<?xml version="1.0" encoding="UTF-8"?>
<testng-results ignored="0" total="1" passed="1" failed="0" skipped="0">
  <reporter-output>
  </reporter-output>
  <suite started-at="2023-04-23T16:24:25 IST" name="Suite" finished-at="2023-04-23T16:25:00 IST" duration-ms="34909">
    <groups>
      <group name="cucumber">
        <method signature="AbstractTestNGCucumberTests.feature(cucumber.api.testng.CucumberFeatureWrapper)[pri:0, instance:com.automation.test.Runner@2805d709]" name="feature" class="cucumber.api.testng.AbstractTestNGCucumberTests"/>
      </group> <!-- cucumber -->
    </groups>
    <test started-at="2023-04-23T16:24:25 IST" name="Test" finished-at="2023-04-23T16:25:00 IST" duration-ms="34909">
      <class name="com.automation.test.Runner">
        <test-method is-config="true" signature="setUpClass()[pri:0, instance:com.automation.test.Runner@2805d709]" started-at="2023-04-23T16:24:25 IST" name="setUpClass" finished-at="2023-04-23T16:24:25 IST" duration-ms="322" status="PASS">
          <reporter-output>
          </reporter-output>
        </test-method> <!-- setUpClass -->
        <test-method signature="feature(cucumber.api.testng.CucumberFeatureWrapper)[pri:0, instance:com.automation.test.Runner@2805d709]" started-at="2023-04-23T16:24:25 IST" name="feature" description="Runs Cucumber Feature" data-provider="features" finished-at="2023-04-23T16:24:59 IST" duration-ms="33805" status="PASS">
          <params>
            <param index="0">
              <value>
                <![CDATA[Order Mens Jacket]]>
              </value>
            </param>
          </params>
          <reporter-output>
          </reporter-output>
        </test-method> <!-- feature -->
        <test-method is-config="true" signature="tearDownClass()[pri:0, instance:com.automation.test.Runner@2805d709]" started-at="2023-04-23T16:24:59 IST" name="tearDownClass" finished-at="2023-04-23T16:25:00 IST" duration-ms="616" status="PASS">
          <reporter-output>
          </reporter-output>
        </test-method> <!-- tearDownClass -->
      </class> <!-- com.automation.test.Runner -->
    </test> <!-- Test -->
  </suite> <!-- Suite -->
</testng-results>
